<?xml version="1.0" encoding="UTF-8"?>
<testng-results skipped="0" failed="0" total="1" passed="1">
  <reporter-output>
  </reporter-output>
  <suite name="Driver Workflow Suite" duration-ms="8091" started-at="2018-10-08T11:15:11Z" finished-at="2018-10-08T11:15:19Z">
    <groups>
    </groups>
    <test name="Driver Workflow" duration-ms="8091" started-at="2018-10-08T11:15:11Z" finished-at="2018-10-08T11:15:19Z">
      <class name="Tests.DriverWorkflow">
        <test-method status="PASS" signature="setUp()[pri:0, instance:Tests.DriverWorkflow@62043840]" name="setUp" is-config="true" duration-ms="5205" started-at="2018-10-08T16:45:11Z" finished-at="2018-10-08T16:45:17Z">
          <reporter-output>
          </reporter-output>
        </test-method> <!-- setUp -->
        <test-method status="PASS" signature="Login(java.lang.String, java.lang.String)[pri:0, instance:Tests.DriverWorkflow@62043840]" name="Login" duration-ms="1327" started-at="2018-10-08T16:45:18Z" data-provider="safetyfirstdata" finished-at="2018-10-08T16:45:19Z">
          <params>
            <param index="0">
              <value>
                <![CDATA[blessy56789@gmail.com]]>
              </value>
            </param>
            <param index="1">
              <value>
                <![CDATA[456]]>
              </value>
            </param>
          </params>
          <reporter-output>
          </reporter-output>
        </test-method> <!-- Login -->
        <test-method status="PASS" signature="afterTest()[pri:0, instance:Tests.DriverWorkflow@62043840]" name="afterTest" is-config="true" duration-ms="0" started-at="2018-10-08T16:45:19Z" finished-at="2018-10-08T16:45:19Z">
          <reporter-output>
          </reporter-output>
        </test-method> <!-- afterTest -->
      </class> <!-- Tests.DriverWorkflow -->
    </test> <!-- Driver Workflow -->
  </suite> <!-- Driver Workflow Suite -->
</testng-results>
